<?xml version="1.0" encoding="UTF-8"?>
<!-- Generated by org.testng.reporters.JUnitXMLReporter -->
<testsuite ignored="0" hostname="Asis-Air.lan" failures="0" tests="39" name="Test" time="62.664" errors="0" timestamp="2024-02-04T21:17:59 IST">
  <testcase classname="tests.TestCheckOutPage" name="tc_01_validInfo" time="0.738"/>
  <testcase classname="tests.TestCheckOutPage" name="tc_02_blankFirstName" time="0.463"/>
  <testcase classname="tests.TestCheckOutPage" name="tc_03_blankLastName" time="0.335"/>
  <testcase classname="tests.TestCheckOutPage" name="tc_04_blankPostalCode" time="0.311"/>
  <testcase classname="tests.TestMenu" name="tc_01_enterAboutPage" time="3.491"/>
  <testcase classname="tests.TestMenu" name="tc_02_backToAllItems" time="0.672"/>
  <testcase classname="tests.TestMenu" name="tc_03_enterToCartPage" time="0.045"/>
  <testcase classname="tests.TestMenu" name="tc_04_logOut" time="0.586"/>
  <testcase classname="tests.TestProductsPage" name="tc_01_addToCart" time="0.381"/>
  <testcase classname="tests.TestProductsPage" name="tc_02_removeFromCart" time="0.126"/>
  <testcase classname="tests.TestProductsPage" name="tc_03_productPage" time="0.105"/>
  <testcase classname="tests.TestProductsPage" name="tc_04_sortAtoZ" time="0.587"/>
  <testcase classname="tests.TestProductsPage" name="tc_05_sortZtoA" time="0.593"/>
  <testcase classname="tests.TestProductsPage" name="tc_06_sortLowtoHigh" time="0.589"/>
  <testcase classname="tests.TestProductsPage" name="tc_07_sortHightoLow" time="0.582"/>
  <testcase classname="tests.TestProductPage" name="tc_01_backToProductsPage" time="0.366"/>
  <testcase classname="tests.TestProductPage" name="tc_02_addToCart" time="0.123"/>
  <testcase classname="tests.TestProductPage" name="tc_03_removeFromCart" time="0.056"/>
  <testcase classname="tests.TestProductPage" name="tc_04_enterCartPage" time="0.035"/>
  <testcase classname="tests.TestOverViewPage" name="clickCancel" time="0.656"/>
  <testcase classname="tests.TestOverViewPage" name="clickFinish" time="0.355"/>
  <testcase classname="tests.TestOverViewPage" name="clickOnProduct" time="1.072"/>
  <testcase classname="tests.TestCartPage" name="tc_01_checkOutEmptyCart" time="0.314"/>
  <testcase classname="tests.TestCartPage" name="tc_02_continueShopping" time="0.057"/>
  <testcase classname="tests.TestCartPage" name="tc_03_removeProduct" time="0.154"/>
  <testcase classname="tests.TestCartPage" name="tc_04_enterProductPage" time="0.155"/>
  <testcase classname="tests.TestLogin" name="tc_01_blankUserNameField" time="0.312"/>
  <testcase classname="tests.TestLogin" name="tc_02_blankPasswordField" time="0.135"/>
  <testcase classname="tests.TestLogin" name="tc_03_wrongPassLogin" time="0.177"/>
  <testcase classname="tests.TestLogin" name="tc_04_wrongUserNameLogin" time="0.168"/>
  <testcase classname="tests.TestLogin" name="tc_05_wrongPassAndUserName" time="0.15"/>
  <testcase classname="tests.TestLogin" name="tc_06_capitalLettersLogin" time="0.157"/>
  <testcase classname="tests.TestLogin" name="tc_07_validLogin" time="0.18"/>
  <testcase classname="tests.TestFooterSocialMedia" name="tc_01_linkedin" time="2.375"/>
  <testcase classname="tests.TestFooterSocialMedia" name="tc_02_facebook" time="2.117"/>
  <testcase classname="tests.TestFooterSocialMedia" name="tc_03_twitter" time="6.376"/>
  <testcase classname="tests.TestThankYouPage" name="backHome" time="0.681"/>
  <testcase classname="tests.TestAboutPage" name="tc_01_tryItFree" time="8.693"/>
  <testcase classname="tests.TestAboutPage" name="tc_02_requestAdemo" time="1.342"/>
</testsuite> <!-- Test -->
