<?xml version="1.0" encoding="UTF-8"?>
<testsuite xmlns:xsi="http://www.w3.org/2001/XMLSchema-instance" xsi:noNamespaceSchemaLocation="https://maven.apache.org/surefire/maven-surefire-plugin/xsd/surefire-test-report-3.0.xsd" version="3.0" name="TestSuite" time="63.423" tests="39" errors="0" skipped="0" failures="0">
  <properties>
[...]
</properties>
  <testcase name="tc_01_validInfo" classname="tests.TestCheckOutPage" time="0.787">
    <system-err><![CDATA[SLF4J: Failed to load class "org.slf4j.impl.StaticLoggerBinder".
SLF4J: Defaulting to no-operation (NOP) logger implementation
SLF4J: See http://www.slf4j.org/codes.html#StaticLoggerBinder for further details.
Feb 04, 2024 9:16:57 PM org.openqa.selenium.manager.SeleniumManager lambda$runCommand$1
WARNING: The chromedriver version (120.0.6099.109) detected in PATH at /usr/local/bin/chromedriver might not be compatible with the detected chrome version (121.0.6167.139); currently, chromedriver 121.0.6167.85 is recommended for chrome 121.*, so it is advised to delete the driver in PATH and retry
]]></system-err>
  </testcase>
  <testcase name="tc_02_blankFirstName" classname="tests.TestCheckOutPage" time="0.465"/>
  <testcase name="tc_03_blankLastName" classname="tests.TestCheckOutPage" time="0.336"/>
  <testcase name="tc_04_blankPostalCode" classname="tests.TestCheckOutPage" time="0.311"/>
  <testcase name="tc_01_enterAboutPage" classname="tests.TestMenu" time="3.491">
    <system-err><![CDATA[Feb 04, 2024 9:17:02 PM org.openqa.selenium.manager.SeleniumManager lambda$runCommand$1
WARNING: The chromedriver version (120.0.6099.109) detected in PATH at /usr/local/bin/chromedriver might not be compatible with the detected chrome version (121.0.6167.139); currently, chromedriver 121.0.6167.85 is recommended for chrome 121.*, so it is advised to delete the driver in PATH and retry
]]></system-err>
  </testcase>
  <testcase name="tc_02_backToAllItems" classname="tests.TestMenu" time="0.673"/>
  <testcase name="tc_03_enterToCartPage" classname="tests.TestMenu" time="0.046"/>
  <testcase name="tc_04_logOut" classname="tests.TestMenu" time="0.586"/>
  <testcase name="tc_01_addToCart" classname="tests.TestProductsPage" time="0.382">
    <system-err><![CDATA[Feb 04, 2024 9:17:09 PM org.openqa.selenium.manager.SeleniumManager lambda$runCommand$1
WARNING: The chromedriver version (120.0.6099.109) detected in PATH at /usr/local/bin/chromedriver might not be compatible with the detected chrome version (121.0.6167.139); currently, chromedriver 121.0.6167.85 is recommended for chrome 121.*, so it is advised to delete the driver in PATH and retry
]]></system-err>
  </testcase>
  <testcase name="tc_02_removeFromCart" classname="tests.TestProductsPage" time="0.127"/>
  <testcase name="tc_03_productPage" classname="tests.TestProductsPage" time="0.106"/>
  <testcase name="tc_04_sortAtoZ" classname="tests.TestProductsPage" time="0.588"/>
  <testcase name="tc_05_sortZtoA" classname="tests.TestProductsPage" time="0.594"/>
  <testcase name="tc_06_sortLowtoHigh" classname="tests.TestProductsPage" time="0.59"/>
  <testcase name="tc_07_sortHightoLow" classname="tests.TestProductsPage" time="0.583"/>
  <testcase name="tc_01_backToProductsPage" classname="tests.TestProductPage" time="0.369">
    <system-err><![CDATA[Feb 04, 2024 9:17:15 PM org.openqa.selenium.manager.SeleniumManager lambda$runCommand$1
WARNING: The chromedriver version (120.0.6099.109) detected in PATH at /usr/local/bin/chromedriver might not be compatible with the detected chrome version (121.0.6167.139); currently, chromedriver 121.0.6167.85 is recommended for chrome 121.*, so it is advised to delete the driver in PATH and retry
]]></system-err>
  </testcase>
  <testcase name="tc_02_addToCart" classname="tests.TestProductPage" time="0.123"/>
  <testcase name="tc_03_removeFromCart" classname="tests.TestProductPage" time="0.056"/>
  <testcase name="tc_04_enterCartPage" classname="tests.TestProductPage" time="0.036"/>
  <testcase name="clickCancel" classname="tests.TestOverViewPage" time="0.657">
    <system-err><![CDATA[Feb 04, 2024 9:17:18 PM org.openqa.selenium.manager.SeleniumManager lambda$runCommand$1
WARNING: The chromedriver version (120.0.6099.109) detected in PATH at /usr/local/bin/chromedriver might not be compatible with the detected chrome version (121.0.6167.139); currently, chromedriver 121.0.6167.85 is recommended for chrome 121.*, so it is advised to delete the driver in PATH and retry
]]></system-err>
  </testcase>
  <testcase name="clickFinish" classname="tests.TestOverViewPage" time="0.354"/>
  <testcase name="clickOnProduct" classname="tests.TestOverViewPage" time="1.073"/>
  <testcase name="tc_01_checkOutEmptyCart" classname="tests.TestCartPage" time="0.314">
    <system-err><![CDATA[Feb 04, 2024 9:17:23 PM org.openqa.selenium.manager.SeleniumManager lambda$runCommand$1
WARNING: The chromedriver version (120.0.6099.109) detected in PATH at /usr/local/bin/chromedriver might not be compatible with the detected chrome version (121.0.6167.139); currently, chromedriver 121.0.6167.85 is recommended for chrome 121.*, so it is advised to delete the driver in PATH and retry
]]></system-err>
  </testcase>
  <testcase name="tc_02_continueShopping" classname="tests.TestCartPage" time="0.057"/>
  <testcase name="tc_03_removeProduct" classname="tests.TestCartPage" time="0.155"/>
  <testcase name="tc_04_enterProductPage" classname="tests.TestCartPage" time="0.156"/>
  <testcase name="tc_01_blankUserNameField" classname="tests.TestLogin" time="0.311">
    <system-err><![CDATA[Feb 04, 2024 9:17:26 PM org.openqa.selenium.manager.SeleniumManager lambda$runCommand$1
WARNING: The chromedriver version (120.0.6099.109) detected in PATH at /usr/local/bin/chromedriver might not be compatible with the detected chrome version (121.0.6167.139); currently, chromedriver 121.0.6167.85 is recommended for chrome 121.*, so it is advised to delete the driver in PATH and retry
]]></system-err>
  </testcase>
  <testcase name="tc_02_blankPasswordField" classname="tests.TestLogin" time="0.135"/>
  <testcase name="tc_03_wrongPassLogin" classname="tests.TestLogin" time="0.178"/>
  <testcase name="tc_04_wrongUserNameLogin" classname="tests.TestLogin" time="0.169"/>
  <testcase name="tc_05_wrongPassAndUserName" classname="tests.TestLogin" time="0.151"/>
  <testcase name="tc_06_capitalLettersLogin" classname="tests.TestLogin" time="0.158"/>
  <testcase name="tc_07_validLogin" classname="tests.TestLogin" time="0.18"/>
  <testcase name="tc_01_linkedin" classname="tests.TestFooterSocialMedia" time="2.376">
    <system-err><![CDATA[Feb 04, 2024 9:17:30 PM org.openqa.selenium.manager.SeleniumManager lambda$runCommand$1
WARNING: The chromedriver version (120.0.6099.109) detected in PATH at /usr/local/bin/chromedriver might not be compatible with the detected chrome version (121.0.6167.139); currently, chromedriver 121.0.6167.85 is recommended for chrome 121.*, so it is advised to delete the driver in PATH and retry
]]></system-err>
  </testcase>
  <testcase name="tc_02_facebook" classname="tests.TestFooterSocialMedia" time="2.117"/>
  <testcase name="tc_03_twitter" classname="tests.TestFooterSocialMedia" time="6.377"/>
  <testcase name="backHome" classname="tests.TestThankYouPage" time="0.682">
    <system-err><![CDATA[Feb 04, 2024 9:17:43 PM org.openqa.selenium.manager.SeleniumManager lambda$runCommand$1
WARNING: The chromedriver version (120.0.6099.109) detected in PATH at /usr/local/bin/chromedriver might not be compatible with the detected chrome version (121.0.6167.139); currently, chromedriver 121.0.6167.85 is recommended for chrome 121.*, so it is advised to delete the driver in PATH and retry
]]></system-err>
  </testcase>
  <testcase name="tc_01_tryItFree" classname="tests.TestAboutPage" time="8.693">
    <system-err><![CDATA[Feb 04, 2024 9:17:46 PM org.openqa.selenium.manager.SeleniumManager lambda$runCommand$1
WARNING: The chromedriver version (120.0.6099.109) detected in PATH at /usr/local/bin/chromedriver might not be compatible with the detected chrome version (121.0.6167.139); currently, chromedriver 121.0.6167.85 is recommended for chrome 121.*, so it is advised to delete the driver in PATH and retry
]]></system-err>
  </testcase>
  <testcase name="tc_02_requestAdemo" classname="tests.TestAboutPage" time="1.343"/>
</testsuite>