<?xml version="1.0" encoding="UTF-8"?>
<testng-results ignored="0" total="39" passed="39" failed="0" skipped="0">
  <reporter-output>
  </reporter-output>
  <suite started-at="2024-02-04T21:16:56 IST" name="Suite" finished-at="2024-02-04T21:17:59 IST" duration-ms="62664">
    <groups>
    </groups>
    <test started-at="2024-02-04T21:16:56 IST" name="Test" finished-at="2024-02-04T21:17:59 IST" duration-ms="62664">
      <class name="tests.TestCartPage">
        <test-method is-config="true" signature="setup()[pri:0, instance:tests.TestCartPage@25b5c5e3]" started-at="2024-02-04T21:17:22 IST" name="setup" finished-at="2024-02-04T21:17:24 IST" duration-ms="1957" status="PASS">
          <reporter-output>
          </reporter-output>
        </test-method> <!-- setup -->
        <test-method signature="tc_01_checkOutEmptyCart()[pri:0, instance:tests.TestCartPage@25b5c5e3]" started-at="2024-02-04T21:17:24 IST" name="tc_01_checkOutEmptyCart" finished-at="2024-02-04T21:17:25 IST" duration-ms="314" status="PASS">
          <reporter-output>
          </reporter-output>
        </test-method> <!-- tc_01_checkOutEmptyCart -->
        <test-method signature="tc_02_continueShopping()[pri:0, instance:tests.TestCartPage@25b5c5e3]" started-at="2024-02-04T21:17:25 IST" name="tc_02_continueShopping" finished-at="2024-02-04T21:17:25 IST" duration-ms="57" status="PASS">
          <reporter-output>
          </reporter-output>
        </test-method> <!-- tc_02_continueShopping -->
        <test-method signature="tc_03_removeProduct()[pri:0, instance:tests.TestCartPage@25b5c5e3]" started-at="2024-02-04T21:17:25 IST" name="tc_03_removeProduct" finished-at="2024-02-04T21:17:25 IST" duration-ms="154" status="PASS">
          <reporter-output>
          </reporter-output>
        </test-method> <!-- tc_03_removeProduct -->
        <test-method signature="tc_04_enterProductPage()[pri:0, instance:tests.TestCartPage@25b5c5e3]" started-at="2024-02-04T21:17:25 IST" name="tc_04_enterProductPage" finished-at="2024-02-04T21:17:25 IST" duration-ms="155" status="PASS">
          <reporter-output>
          </reporter-output>
        </test-method> <!-- tc_04_enterProductPage -->
        <test-method is-config="true" signature="thirDown()[pri:0, instance:tests.TestCartPage@25b5c5e3]" started-at="2024-02-04T21:17:25 IST" name="thirDown" finished-at="2024-02-04T21:17:25 IST" duration-ms="599" status="PASS">
          <reporter-output>
          </reporter-output>
        </test-method> <!-- thirDown -->
      </class> <!-- tests.TestCartPage -->
      <class name="tests.TestProductsPage">
        <test-method is-config="true" signature="setup()[pri:0, instance:tests.TestProductsPage@76d05cc9]" started-at="2024-02-04T21:17:09 IST" name="setup" finished-at="2024-02-04T21:17:11 IST" duration-ms="2056" status="PASS">
          <reporter-output>
          </reporter-output>
        </test-method> <!-- setup -->
        <test-method signature="tc_01_addToCart()[pri:0, instance:tests.TestProductsPage@76d05cc9]" started-at="2024-02-04T21:17:11 IST" name="tc_01_addToCart" finished-at="2024-02-04T21:17:11 IST" duration-ms="381" status="PASS">
          <reporter-output>
          </reporter-output>
        </test-method> <!-- tc_01_addToCart -->
        <test-method signature="tc_02_removeFromCart()[pri:0, instance:tests.TestProductsPage@76d05cc9]" started-at="2024-02-04T21:17:11 IST" name="tc_02_removeFromCart" finished-at="2024-02-04T21:17:11 IST" duration-ms="126" status="PASS">
          <reporter-output>
          </reporter-output>
        </test-method> <!-- tc_02_removeFromCart -->
        <test-method signature="tc_03_productPage()[pri:0, instance:tests.TestProductsPage@76d05cc9]" started-at="2024-02-04T21:17:11 IST" name="tc_03_productPage" finished-at="2024-02-04T21:17:11 IST" duration-ms="105" status="PASS">
          <reporter-output>
          </reporter-output>
        </test-method> <!-- tc_03_productPage -->
        <test-method signature="tc_04_sortAtoZ()[pri:0, instance:tests.TestProductsPage@76d05cc9]" started-at="2024-02-04T21:17:11 IST" name="tc_04_sortAtoZ" finished-at="2024-02-04T21:17:12 IST" duration-ms="587" status="PASS">
          <reporter-output>
          </reporter-output>
        </test-method> <!-- tc_04_sortAtoZ -->
        <test-method signature="tc_05_sortZtoA()[pri:0, instance:tests.TestProductsPage@76d05cc9]" started-at="2024-02-04T21:17:12 IST" name="tc_05_sortZtoA" finished-at="2024-02-04T21:17:13 IST" duration-ms="593" status="PASS">
          <reporter-output>
          </reporter-output>
        </test-method> <!-- tc_05_sortZtoA -->
        <test-method signature="tc_06_sortLowtoHigh()[pri:0, instance:tests.TestProductsPage@76d05cc9]" started-at="2024-02-04T21:17:13 IST" name="tc_06_sortLowtoHigh" finished-at="2024-02-04T21:17:13 IST" duration-ms="589" status="PASS">
          <reporter-output>
          </reporter-output>
        </test-method> <!-- tc_06_sortLowtoHigh -->
        <test-method signature="tc_07_sortHightoLow()[pri:0, instance:tests.TestProductsPage@76d05cc9]" started-at="2024-02-04T21:17:13 IST" name="tc_07_sortHightoLow" finished-at="2024-02-04T21:17:14 IST" duration-ms="582" status="PASS">
          <reporter-output>
          </reporter-output>
        </test-method> <!-- tc_07_sortHightoLow -->
        <test-method is-config="true" signature="thirDown()[pri:0, instance:tests.TestProductsPage@76d05cc9]" started-at="2024-02-04T21:17:14 IST" name="thirDown" finished-at="2024-02-04T21:17:14 IST" duration-ms="599" status="PASS">
          <reporter-output>
          </reporter-output>
        </test-method> <!-- thirDown -->
      </class> <!-- tests.TestProductsPage -->
      <class name="tests.TestCheckOutPage">
        <test-method is-config="true" signature="setup()[pri:0, instance:tests.TestCheckOutPage@1dc2de84]" started-at="2024-02-04T21:16:56 IST" name="setup" finished-at="2024-02-04T21:16:59 IST" duration-ms="2673" status="PASS">
          <reporter-output>
          </reporter-output>
        </test-method> <!-- setup -->
        <test-method signature="tc_01_validInfo()[pri:0, instance:tests.TestCheckOutPage@1dc2de84]" started-at="2024-02-04T21:16:59 IST" name="tc_01_validInfo" finished-at="2024-02-04T21:17:00 IST" duration-ms="738" status="PASS">
          <reporter-output>
          </reporter-output>
        </test-method> <!-- tc_01_validInfo -->
        <test-method signature="tc_02_blankFirstName()[pri:0, instance:tests.TestCheckOutPage@1dc2de84]" started-at="2024-02-04T21:17:00 IST" name="tc_02_blankFirstName" finished-at="2024-02-04T21:17:00 IST" duration-ms="463" status="PASS">
          <reporter-output>
          </reporter-output>
        </test-method> <!-- tc_02_blankFirstName -->
        <test-method signature="tc_03_blankLastName()[pri:0, instance:tests.TestCheckOutPage@1dc2de84]" started-at="2024-02-04T21:17:00 IST" name="tc_03_blankLastName" finished-at="2024-02-04T21:17:00 IST" duration-ms="335" status="PASS">
          <reporter-output>
          </reporter-output>
        </test-method> <!-- tc_03_blankLastName -->
        <test-method signature="tc_04_blankPostalCode()[pri:0, instance:tests.TestCheckOutPage@1dc2de84]" started-at="2024-02-04T21:17:00 IST" name="tc_04_blankPostalCode" finished-at="2024-02-04T21:17:01 IST" duration-ms="311" status="PASS">
          <reporter-output>
          </reporter-output>
        </test-method> <!-- tc_04_blankPostalCode -->
        <test-method is-config="true" signature="thirDown()[pri:0, instance:tests.TestCheckOutPage@1dc2de84]" started-at="2024-02-04T21:17:01 IST" name="thirDown" finished-at="2024-02-04T21:17:01 IST" duration-ms="611" status="PASS">
          <reporter-output>
          </reporter-output>
        </test-method> <!-- thirDown -->
      </class> <!-- tests.TestCheckOutPage -->
      <class name="tests.TestOverViewPage">
        <test-method is-config="true" signature="setup()[pri:0, instance:tests.TestOverViewPage@68dcfd52]" started-at="2024-02-04T21:17:18 IST" name="setup" finished-at="2024-02-04T21:17:20 IST" duration-ms="1996" status="PASS">
          <reporter-output>
          </reporter-output>
        </test-method> <!-- setup -->
        <test-method signature="clickCancel()[pri:0, instance:tests.TestOverViewPage@68dcfd52]" started-at="2024-02-04T21:17:20 IST" name="clickCancel" finished-at="2024-02-04T21:17:20 IST" duration-ms="656" status="PASS">
          <reporter-output>
          </reporter-output>
        </test-method> <!-- clickCancel -->
        <test-method signature="clickFinish()[pri:0, instance:tests.TestOverViewPage@68dcfd52]" started-at="2024-02-04T21:17:20 IST" name="clickFinish" finished-at="2024-02-04T21:17:21 IST" duration-ms="355" status="PASS">
          <reporter-output>
          </reporter-output>
        </test-method> <!-- clickFinish -->
        <test-method signature="clickOnProduct()[pri:0, instance:tests.TestOverViewPage@68dcfd52]" started-at="2024-02-04T21:17:21 IST" name="clickOnProduct" finished-at="2024-02-04T21:17:22 IST" duration-ms="1072" status="PASS">
          <reporter-output>
          </reporter-output>
        </test-method> <!-- clickOnProduct -->
        <test-method is-config="true" signature="thirDown()[pri:0, instance:tests.TestOverViewPage@68dcfd52]" started-at="2024-02-04T21:17:22 IST" name="thirDown" finished-at="2024-02-04T21:17:22 IST" duration-ms="603" status="PASS">
          <reporter-output>
          </reporter-output>
        </test-method> <!-- thirDown -->
      </class> <!-- tests.TestOverViewPage -->
      <class name="tests.TestProductPage">
        <test-method is-config="true" signature="setup()[pri:0, instance:tests.TestProductPage@42b21d99]" started-at="2024-02-04T21:17:14 IST" name="setup" finished-at="2024-02-04T21:17:16 IST" duration-ms="1983" status="PASS">
          <reporter-output>
          </reporter-output>
        </test-method> <!-- setup -->
        <test-method signature="tc_01_backToProductsPage()[pri:0, instance:tests.TestProductPage@42b21d99]" started-at="2024-02-04T21:17:16 IST" name="tc_01_backToProductsPage" finished-at="2024-02-04T21:17:17 IST" duration-ms="366" status="PASS">
          <reporter-output>
          </reporter-output>
        </test-method> <!-- tc_01_backToProductsPage -->
        <test-method signature="tc_02_addToCart()[pri:0, instance:tests.TestProductPage@42b21d99]" started-at="2024-02-04T21:17:17 IST" name="tc_02_addToCart" finished-at="2024-02-04T21:17:17 IST" duration-ms="123" status="PASS">
          <reporter-output>
          </reporter-output>
        </test-method> <!-- tc_02_addToCart -->
        <test-method signature="tc_03_removeFromCart()[pri:0, instance:tests.TestProductPage@42b21d99]" started-at="2024-02-04T21:17:17 IST" name="tc_03_removeFromCart" finished-at="2024-02-04T21:17:17 IST" duration-ms="56" status="PASS">
          <reporter-output>
          </reporter-output>
        </test-method> <!-- tc_03_removeFromCart -->
        <test-method signature="tc_04_enterCartPage()[pri:0, instance:tests.TestProductPage@42b21d99]" started-at="2024-02-04T21:17:17 IST" name="tc_04_enterCartPage" finished-at="2024-02-04T21:17:17 IST" duration-ms="35" status="PASS">
          <reporter-output>
          </reporter-output>
        </test-method> <!-- tc_04_enterCartPage -->
        <test-method is-config="true" signature="thirDown()[pri:0, instance:tests.TestProductPage@42b21d99]" started-at="2024-02-04T21:17:17 IST" name="thirDown" finished-at="2024-02-04T21:17:18 IST" duration-ms="593" status="PASS">
          <reporter-output>
          </reporter-output>
        </test-method> <!-- thirDown -->
      </class> <!-- tests.TestProductPage -->
      <class name="tests.TestFooterSocialMedia">
        <test-method is-config="true" signature="setup()[pri:0, instance:tests.TestFooterSocialMedia@37b72ea]" started-at="2024-02-04T21:17:29 IST" name="setup" finished-at="2024-02-04T21:17:31 IST" duration-ms="1942" status="PASS">
          <reporter-output>
          </reporter-output>
        </test-method> <!-- setup -->
        <test-method signature="tc_01_linkedin()[pri:0, instance:tests.TestFooterSocialMedia@37b72ea]" started-at="2024-02-04T21:17:31 IST" name="tc_01_linkedin" finished-at="2024-02-04T21:17:34 IST" duration-ms="2375" status="PASS">
          <reporter-output>
          </reporter-output>
        </test-method> <!-- tc_01_linkedin -->
        <test-method signature="tc_02_facebook()[pri:0, instance:tests.TestFooterSocialMedia@37b72ea]" started-at="2024-02-04T21:17:34 IST" name="tc_02_facebook" finished-at="2024-02-04T21:17:36 IST" duration-ms="2117" status="PASS">
          <reporter-output>
          </reporter-output>
        </test-method> <!-- tc_02_facebook -->
        <test-method signature="tc_03_twitter()[pri:0, instance:tests.TestFooterSocialMedia@37b72ea]" started-at="2024-02-04T21:17:36 IST" name="tc_03_twitter" finished-at="2024-02-04T21:17:42 IST" duration-ms="6376" status="PASS">
          <reporter-output>
          </reporter-output>
        </test-method> <!-- tc_03_twitter -->
        <test-method is-config="true" signature="thirDown()[pri:0, instance:tests.TestFooterSocialMedia@37b72ea]" started-at="2024-02-04T21:17:42 IST" name="thirDown" finished-at="2024-02-04T21:17:43 IST" duration-ms="632" status="PASS">
          <reporter-output>
          </reporter-output>
        </test-method> <!-- thirDown -->
      </class> <!-- tests.TestFooterSocialMedia -->
      <class name="tests.TestLogin">
        <test-method is-config="true" signature="setup()[pri:0, instance:tests.TestLogin@5177e388]" started-at="2024-02-04T21:17:25 IST" name="setup" finished-at="2024-02-04T21:17:27 IST" duration-ms="1991" status="PASS">
          <reporter-output>
          </reporter-output>
        </test-method> <!-- setup -->
        <test-method signature="tc_01_blankUserNameField()[pri:0, instance:tests.TestLogin@5177e388]" started-at="2024-02-04T21:17:27 IST" name="tc_01_blankUserNameField" finished-at="2024-02-04T21:17:28 IST" duration-ms="312" status="PASS">
          <reporter-output>
          </reporter-output>
        </test-method> <!-- tc_01_blankUserNameField -->
        <test-method signature="tc_02_blankPasswordField()[pri:0, instance:tests.TestLogin@5177e388]" started-at="2024-02-04T21:17:28 IST" name="tc_02_blankPasswordField" finished-at="2024-02-04T21:17:28 IST" duration-ms="135" status="PASS">
          <reporter-output>
          </reporter-output>
        </test-method> <!-- tc_02_blankPasswordField -->
        <test-method signature="tc_03_wrongPassLogin()[pri:0, instance:tests.TestLogin@5177e388]" started-at="2024-02-04T21:17:28 IST" name="tc_03_wrongPassLogin" finished-at="2024-02-04T21:17:28 IST" duration-ms="177" status="PASS">
          <reporter-output>
          </reporter-output>
        </test-method> <!-- tc_03_wrongPassLogin -->
        <test-method signature="tc_04_wrongUserNameLogin()[pri:0, instance:tests.TestLogin@5177e388]" started-at="2024-02-04T21:17:28 IST" name="tc_04_wrongUserNameLogin" finished-at="2024-02-04T21:17:28 IST" duration-ms="168" status="PASS">
          <reporter-output>
          </reporter-output>
        </test-method> <!-- tc_04_wrongUserNameLogin -->
        <test-method signature="tc_05_wrongPassAndUserName()[pri:0, instance:tests.TestLogin@5177e388]" started-at="2024-02-04T21:17:28 IST" name="tc_05_wrongPassAndUserName" finished-at="2024-02-04T21:17:28 IST" duration-ms="150" status="PASS">
          <reporter-output>
          </reporter-output>
        </test-method> <!-- tc_05_wrongPassAndUserName -->
        <test-method signature="tc_06_capitalLettersLogin()[pri:0, instance:tests.TestLogin@5177e388]" started-at="2024-02-04T21:17:28 IST" name="tc_06_capitalLettersLogin" finished-at="2024-02-04T21:17:29 IST" duration-ms="157" status="PASS">
          <reporter-output>
          </reporter-output>
        </test-method> <!-- tc_06_capitalLettersLogin -->
        <test-method signature="tc_07_validLogin()[pri:0, instance:tests.TestLogin@5177e388]" started-at="2024-02-04T21:17:29 IST" name="tc_07_validLogin" finished-at="2024-02-04T21:17:29 IST" duration-ms="180" status="PASS">
          <reporter-output>
          </reporter-output>
        </test-method> <!-- tc_07_validLogin -->
        <test-method is-config="true" signature="thirDown()[pri:0, instance:tests.TestLogin@5177e388]" started-at="2024-02-04T21:17:29 IST" name="thirDown" finished-at="2024-02-04T21:17:29 IST" duration-ms="604" status="PASS">
          <reporter-output>
          </reporter-output>
        </test-method> <!-- thirDown -->
      </class> <!-- tests.TestLogin -->
      <class name="tests.TestMenu">
        <test-method is-config="true" signature="setup()[pri:0, instance:tests.TestMenu@369c9bb]" started-at="2024-02-04T21:17:01 IST" name="setup" finished-at="2024-02-04T21:17:03 IST" duration-ms="1968" status="PASS">
          <reporter-output>
          </reporter-output>
        </test-method> <!-- setup -->
        <test-method signature="tc_01_enterAboutPage()[pri:0, instance:tests.TestMenu@369c9bb]" started-at="2024-02-04T21:17:03 IST" name="tc_01_enterAboutPage" finished-at="2024-02-04T21:17:07 IST" duration-ms="3491" status="PASS">
          <reporter-output>
          </reporter-output>
        </test-method> <!-- tc_01_enterAboutPage -->
        <test-method signature="tc_02_backToAllItems()[pri:0, instance:tests.TestMenu@369c9bb]" started-at="2024-02-04T21:17:07 IST" name="tc_02_backToAllItems" finished-at="2024-02-04T21:17:08 IST" duration-ms="672" status="PASS">
          <reporter-output>
          </reporter-output>
        </test-method> <!-- tc_02_backToAllItems -->
        <test-method signature="tc_03_enterToCartPage()[pri:0, instance:tests.TestMenu@369c9bb]" started-at="2024-02-04T21:17:08 IST" name="tc_03_enterToCartPage" finished-at="2024-02-04T21:17:08 IST" duration-ms="45" status="PASS">
          <reporter-output>
          </reporter-output>
        </test-method> <!-- tc_03_enterToCartPage -->
        <test-method signature="tc_04_logOut()[pri:0, instance:tests.TestMenu@369c9bb]" started-at="2024-02-04T21:17:08 IST" name="tc_04_logOut" finished-at="2024-02-04T21:17:08 IST" duration-ms="586" status="PASS">
          <reporter-output>
          </reporter-output>
        </test-method> <!-- tc_04_logOut -->
        <test-method is-config="true" signature="thirDown()[pri:0, instance:tests.TestMenu@369c9bb]" started-at="2024-02-04T21:17:08 IST" name="thirDown" finished-at="2024-02-04T21:17:09 IST" duration-ms="621" status="PASS">
          <reporter-output>
          </reporter-output>
        </test-method> <!-- thirDown -->
      </class> <!-- tests.TestMenu -->
      <class name="tests.TestAboutPage">
        <test-method is-config="true" signature="setup()[pri:0, instance:tests.TestAboutPage@7d37f1c]" started-at="2024-02-04T21:17:46 IST" name="setup" finished-at="2024-02-04T21:17:48 IST" duration-ms="2018" status="PASS">
          <reporter-output>
          </reporter-output>
        </test-method> <!-- setup -->
        <test-method signature="tc_01_tryItFree()[pri:0, instance:tests.TestAboutPage@7d37f1c]" started-at="2024-02-04T21:17:48 IST" name="tc_01_tryItFree" finished-at="2024-02-04T21:17:57 IST" duration-ms="8693" status="PASS">
          <reporter-output>
          </reporter-output>
        </test-method> <!-- tc_01_tryItFree -->
        <test-method signature="tc_02_requestAdemo()[pri:0, instance:tests.TestAboutPage@7d37f1c]" started-at="2024-02-04T21:17:57 IST" name="tc_02_requestAdemo" finished-at="2024-02-04T21:17:58 IST" duration-ms="1342" status="PASS">
          <reporter-output>
          </reporter-output>
        </test-method> <!-- tc_02_requestAdemo -->
        <test-method is-config="true" signature="thirDown()[pri:0, instance:tests.TestAboutPage@7d37f1c]" started-at="2024-02-04T21:17:58 IST" name="thirDown" finished-at="2024-02-04T21:17:59 IST" duration-ms="642" status="PASS">
          <reporter-output>
          </reporter-output>
        </test-method> <!-- thirDown -->
      </class> <!-- tests.TestAboutPage -->
      <class name="tests.TestThankYouPage">
        <test-method is-config="true" signature="setup()[pri:0, instance:tests.TestThankYouPage@cc239ba]" started-at="2024-02-04T21:17:43 IST" name="setup" finished-at="2024-02-04T21:17:45 IST" duration-ms="2029" status="PASS">
          <reporter-output>
          </reporter-output>
        </test-method> <!-- setup -->
        <test-method signature="backHome()[pri:0, instance:tests.TestThankYouPage@cc239ba]" started-at="2024-02-04T21:17:45 IST" name="backHome" finished-at="2024-02-04T21:17:46 IST" duration-ms="681" status="PASS">
          <reporter-output>
          </reporter-output>
        </test-method> <!-- backHome -->
        <test-method is-config="true" signature="thirDown()[pri:0, instance:tests.TestThankYouPage@cc239ba]" started-at="2024-02-04T21:17:46 IST" name="thirDown" finished-at="2024-02-04T21:17:46 IST" duration-ms="598" status="PASS">
          <reporter-output>
          </reporter-output>
        </test-method> <!-- thirDown -->
      </class> <!-- tests.TestThankYouPage -->
    </test> <!-- Test -->
  </suite> <!-- Suite -->
</testng-results>
